<?xml version="1.0" encoding="UTF-8"?>
<testng-results skipped="0" failed="0" ignored="0" total="1" passed="1">
  <reporter-output>
    <line>
      <![CDATA[All test started]]>
    </line>
    <line>
      <![CDATA[Starting test isfeature]]>
    </line>
    <line>
      <![CDATA[Test passed isfeature]]>
    </line>
  </reporter-output>
  <suite name="PrcaticeSuite" duration-ms="30394" started-at="2020-05-16T10:28:57 IST" finished-at="2020-05-16T10:29:28 IST">
    <groups>
      <group name="cucumber">
        <method signature="AbstractTestNGCucumberTests.feature(cucumber.api.testng.CucumberFeatureWrapper)[pri:0, instance:com.practiceCuSe1.qa.runners.TestRunnerChrome@3d921e20]" name="feature" class="cucumber.api.testng.AbstractTestNGCucumberTests"/>
      </group> <!-- cucumber -->
    </groups>
    <test name="PracticeChromeTest" duration-ms="30394" started-at="2020-05-16T10:28:57 IST" finished-at="2020-05-16T10:29:28 IST">
      <class name="com.practiceCuSe1.qa.runners.TestRunnerChrome">
        <test-method status="PASS" signature="setUpClass()[pri:0, instance:com.practiceCuSe1.qa.runners.TestRunnerChrome@3d921e20]" name="setUpClass" is-config="true" duration-ms="337" started-at="2020-05-16T10:28:57 IST" finished-at="2020-05-16T10:28:58 IST">
          <reporter-output>
          </reporter-output>
        </test-method> <!-- setUpClass -->
        <test-method status="PASS" signature="selectBrowser()[pri:0, instance:com.practiceCuSe1.qa.runners.TestRunnerChrome@3d921e20]" name="selectBrowser" is-config="true" duration-ms="0" started-at="2020-05-16T10:28:58 IST" finished-at="2020-05-16T10:28:58 IST">
          <reporter-output>
          </reporter-output>
        </test-method> <!-- selectBrowser -->
        <test-method status="PASS" signature="feature(cucumber.api.testng.CucumberFeatureWrapper)[pri:0, instance:com.practiceCuSe1.qa.runners.TestRunnerChrome@3d921e20]" name="feature" duration-ms="29484" started-at="2020-05-16T10:28:58 IST" description="Runs Cucumber Feature" data-provider="features" finished-at="2020-05-16T10:29:27 IST">
          <params>
            <param index="0">
              <value>
                <![CDATA[practice Table]]>
              </value>
            </param>
          </params>
          <reporter-output>
            <line>
              <![CDATA[Starting test isfeature]]>
            </line>
            <line>
              <![CDATA[Test passed isfeature]]>
            </line>
          </reporter-output>
        </test-method> <!-- feature -->
        <test-method status="PASS" signature="tearDownClass()[pri:0, instance:com.practiceCuSe1.qa.runners.TestRunnerChrome@3d921e20]" name="tearDownClass" is-config="true" duration-ms="409" started-at="2020-05-16T10:29:27 IST" finished-at="2020-05-16T10:29:28 IST">
          <reporter-output>
          </reporter-output>
        </test-method> <!-- tearDownClass -->
      </class> <!-- com.practiceCuSe1.qa.runners.TestRunnerChrome -->
    </test> <!-- PracticeChromeTest -->
  </suite> <!-- PrcaticeSuite -->
</testng-results>
